Initiating legacy licensing module

LICENSE SYSTEM [20211110 18:24:9] Next license update check is after 2021-11-11T08:58:27

Built from '2018.4/staging' branch; Version is '2018.4.36f1 (6cd387d23174) revision 7132039'; Using compiler version '191326128'
OS: 'Windows 10  (10.0.0) 64bit' Language: 'en' Physical Memory: 16194 MB
BatchMode: 1, IsHumanControllingUs: 0, StartBugReporterOnCrash: 0, Is64bit: 1, IsPro: 0
[Package Manager] Server::Start -- Port 58356 was selected

 COMMAND LINE ARGUMENTS:
D:\Unity\2018.4.36f1\Editor\Unity.exe
-quit
-batchmode
-logFile
stdout.log
-projectPath
E:\kaspo\exam\lagunagames\LG-AssetBundle
-executeMethod
AssetBundleCreator.BuildBundles
Successfully changed project path to: E:\kaspo\exam\lagunagames\LG-AssetBundle
E:/kaspo/exam/lagunagames/LG-AssetBundle
Using Asset Import Pipeline V1.
Initiating legacy licensing module
Loading GUID <-> Path mappings...0.000184 seconds
Loading Asset Database...0.021374 seconds
Build target: OSXUniversal found and added!
Build target: WindowsStoreApps found and added!
Build target: Win64 found and added!
Build target: Win found and added!
Build target: LinuxUniversal found and added!
Build target: Linux64 found and added!
Build target: Linux found and added!
Build target: iOS found and added!
Build target: tvOS found and added!
Build target: PS4 found and added!
Build target: XboxOne found and added!
Build target: Android found and added!
Build target: WebGL found and added!
Build target: Switch found and added!
Build target: Lumin found and added!
Build target: PSM found and added!
Build target: PSP2 found and added!
Build target: WiiU found and added!
Build target: Web found and added!
Build target: WebStreamed found and added!
Build target: OSXIntel found and added!
Build target: OSXIntel64 found and added!
Build target: BlackBerry found and added!
Build target: PS3 found and added!
Build target: N3DS found and added!
Build target: WP8 found and added!
Build target: SamsungTV found and added!
Build target: Tizen found and added!
AssetDatabase consistency checks...0.043384 seconds
Refreshing native plugins compatible for Editor in 32.27 ms, found 0 plugins.
Preloading 0 native plugins for Editor in 0.00 ms.
DisplayProgressbar: Unity Package Manager
[Package Manager] Done resolving packages in 0.95s seconds
[Package Manager] Registering 37 packages:
[Package Manager]  * Package :  com.unity.ads@2.0.8
    (location: E:\kaspo\exam\lagunagames\LG-AssetBundle\Library\PackageCache\com.unity.ads@2.0.8)
[Package Manager]  * Package :  com.unity.analytics@3.2.3
    (location: E:\kaspo\exam\lagunagames\LG-AssetBundle\Library\PackageCache\com.unity.analytics@3.2.3)
[Package Manager]  * Package :  com.unity.collab-proxy@1.2.15
    (location: E:\kaspo\exam\lagunagames\LG-AssetBundle\Library\PackageCache\com.unity.collab-proxy@1.2.15)
[Package Manager]  * Package :  com.unity.package-manager-ui@2.0.13
    (location: E:\kaspo\exam\lagunagames\LG-AssetBundle\Library\PackageCache\com.unity.package-manager-ui@2.0.13)
[Package Manager]  * Package :  com.unity.purchasing@2.2.1
    (location: E:\kaspo\exam\lagunagames\LG-AssetBundle\Library\PackageCache\com.unity.purchasing@2.2.1)
[Package Manager]  * Package :  com.unity.textmeshpro@1.4.1
    (location: E:\kaspo\exam\lagunagames\LG-AssetBundle\Library\PackageCache\com.unity.textmeshpro@1.4.1)
[Package Manager]  * Package :  com.unity.modules.ai@1.0.0
    (location: D:\Unity\2018.4.36f1\Editor\Data\Resources\PackageManager\BuiltInPackages\com.unity.modules.ai)
[Package Manager]  * Package :  com.unity.modules.animation@1.0.0
    (location: D:\Unity\2018.4.36f1\Editor\Data\Resources\PackageManager\BuiltInPackages\com.unity.modules.animation)
[Package Manager]  * Package :  com.unity.modules.assetbundle@1.0.0
    (location: D:\Unity\2018.4.36f1\Editor\Data\Resources\PackageManager\BuiltInPackages\com.unity.modules.assetbundle)
[Package Manager]  * Package :  com.unity.modules.audio@1.0.0
    (location: D:\Unity\2018.4.36f1\Editor\Data\Resources\PackageManager\BuiltInPackages\com.unity.modules.audio)
[Package Manager]  * Package :  com.unity.modules.cloth@1.0.0
    (location: D:\Unity\2018.4.36f1\Editor\Data\Resources\PackageManager\BuiltInPackages\com.unity.modules.cloth)
[Package Manager]  * Package :  com.unity.modules.director@1.0.0
    (location: D:\Unity\2018.4.36f1\Editor\Data\Resources\PackageManager\BuiltInPackages\com.unity.modules.director)
[Package Manager]  * Package :  com.unity.modules.imageconversion@1.0.0
    (location: D:\Unity\2018.4.36f1\Editor\Data\Resources\PackageManager\BuiltInPackages\com.unity.modules.imageconversion)
[Package Manager]  * Package :  com.unity.modules.imgui@1.0.0
    (location: D:\Unity\2018.4.36f1\Editor\Data\Resources\PackageManager\BuiltInPackages\com.unity.modules.imgui)
[Package Manager]  * Package :  com.unity.modules.jsonserialize@1.0.0
    (location: D:\Unity\2018.4.36f1\Editor\Data\Resources\PackageManager\BuiltInPackages\com.unity.modules.jsonserialize)
[Package Manager]  * Package :  com.unity.modules.particlesystem@1.0.0
    (location: D:\Unity\2018.4.36f1\Editor\Data\Resources\PackageManager\BuiltInPackages\com.unity.modules.particlesystem)
[Package Manager]  * Package :  com.unity.modules.physics@1.0.0
    (location: D:\Unity\2018.4.36f1\Editor\Data\Resources\PackageManager\BuiltInPackages\com.unity.modules.physics)
[Package Manager]  * Package :  com.unity.modules.physics2d@1.0.0
    (location: D:\Unity\2018.4.36f1\Editor\Data\Resources\PackageManager\BuiltInPackages\com.unity.modules.physics2d)
[Package Manager]  * Package :  com.unity.modules.screencapture@1.0.0
    (location: D:\Unity\2018.4.36f1\Editor\Data\Resources\PackageManager\BuiltInPackages\com.unity.modules.screencapture)
[Package Manager]  * Package :  com.unity.modules.terrain@1.0.0
    (location: D:\Unity\2018.4.36f1\Editor\Data\Resources\PackageManager\BuiltInPackages\com.unity.modules.terrain)
[Package Manager]  * Package :  com.unity.modules.terrainphysics@1.0.0
    (location: D:\Unity\2018.4.36f1\Editor\Data\Resources\PackageManager\BuiltInPackages\com.unity.modules.terrainphysics)
[Package Manager]  * Package :  com.unity.modules.tilemap@1.0.0
    (location: D:\Unity\2018.4.36f1\Editor\Data\Resources\PackageManager\BuiltInPackages\com.unity.modules.tilemap)
[Package Manager]  * Package :  com.unity.modules.ui@1.0.0
    (location: D:\Unity\2018.4.36f1\Editor\Data\Resources\PackageManager\BuiltInPackages\com.unity.modules.ui)
[Package Manager]  * Package :  com.unity.modules.uielements@1.0.0
    (location: D:\Unity\2018.4.36f1\Editor\Data\Resources\PackageManager\BuiltInPackages\com.unity.modules.uielements)
[Package Manager]  * Package :  com.unity.modules.umbra@1.0.0
    (location: D:\Unity\2018.4.36f1\Editor\Data\Resources\PackageManager\BuiltInPackages\com.unity.modules.umbra)
[Package Manager]  * Package :  com.unity.modules.unityanalytics@1.0.0
    (location: D:\Unity\2018.4.36f1\Editor\Data\Resources\PackageManager\BuiltInPackages\com.unity.modules.unityanalytics)
[Package Manager]  * Package :  com.unity.modules.unitywebrequest@1.0.0
    (location: D:\Unity\2018.4.36f1\Editor\Data\Resources\PackageManager\BuiltInPackages\com.unity.modules.unitywebrequest)
[Package Manager]  * Package :  com.unity.modules.unitywebrequestassetbundle@1.0.0
    (location: D:\Unity\2018.4.36f1\Editor\Data\Resources\PackageManager\BuiltInPackages\com.unity.modules.unitywebrequestassetbundle)
[Package Manager]  * Package :  com.unity.modules.unitywebrequestaudio@1.0.0
    (location: D:\Unity\2018.4.36f1\Editor\Data\Resources\PackageManager\BuiltInPackages\com.unity.modules.unitywebrequestaudio)
[Package Manager]  * Package :  com.unity.modules.unitywebrequesttexture@1.0.0
    (location: D:\Unity\2018.4.36f1\Editor\Data\Resources\PackageManager\BuiltInPackages\com.unity.modules.unitywebrequesttexture)
[Package Manager]  * Package :  com.unity.modules.unitywebrequestwww@1.0.0
    (location: D:\Unity\2018.4.36f1\Editor\Data\Resources\PackageManager\BuiltInPackages\com.unity.modules.unitywebrequestwww)
[Package Manager]  * Package :  com.unity.modules.vehicles@1.0.0
    (location: D:\Unity\2018.4.36f1\Editor\Data\Resources\PackageManager\BuiltInPackages\com.unity.modules.vehicles)
[Package Manager]  * Package :  com.unity.modules.video@1.0.0
    (location: D:\Unity\2018.4.36f1\Editor\Data\Resources\PackageManager\BuiltInPackages\com.unity.modules.video)
[Package Manager]  * Package :  com.unity.modules.vr@1.0.0
    (location: D:\Unity\2018.4.36f1\Editor\Data\Resources\PackageManager\BuiltInPackages\com.unity.modules.vr)
[Package Manager]  * Package :  com.unity.modules.wind@1.0.0
    (location: D:\Unity\2018.4.36f1\Editor\Data\Resources\PackageManager\BuiltInPackages\com.unity.modules.wind)
[Package Manager]  * Package :  com.unity.modules.xr@1.0.0
    (location: D:\Unity\2018.4.36f1\Editor\Data\Resources\PackageManager\BuiltInPackages\com.unity.modules.xr)
[Package Manager]  * Package :  com.unity.ugui@1.0.0
    (location: D:\Unity\2018.4.36f1\Editor\Data\Resources\PackageManager\BuiltInPackages\com.unity.ugui)
[Package Manager] Done registering packages in 0.01s seconds
Initialize engine version: 2018.4.36f1 (6cd387d23174)
GfxDevice: creating device client; threaded=0
Direct3D:
    Version:  Direct3D 11.0 [level 11.1]
    Renderer: Radeon RX 560X (ID=0x67ef)
    Vendor:   
    VRAM:     4076 MB
    Driver:   26.20.12036.4002
[EnlightenBakeManager] m_Clear = false;
Initialize mono
Mono path[0] = 'D:/Unity/2018.4.36f1/Editor/Data/Managed'
Mono path[1] = 'D:/Unity/2018.4.36f1/Editor/Data/MonoBleedingEdge/lib/mono/unityjit'
Mono config path = 'D:/Unity/2018.4.36f1/Editor/Data/MonoBleedingEdge/etc'
Using monoOptions --debugger-agent=transport=dt_socket,embedding=1,server=y,suspend=n,address=127.0.0.1:56764
Begin MonoManager ReloadAssembly
Refreshing native plugins compatible for Editor in 0.77 ms, found 1 plugins.
Initializing Unity.PackageManager (PackageManager) v2018.4.36 for Unity v2018.4.36f1
Registering precompiled unity dll's ...
Register platform support module: D:\Unity\2018.4.36f1\Editor\Data\PlaybackEngines\windowsstandalonesupport/UnityEditor.WindowsStandalone.Extensions.dll
Registered in 0.002579 seconds.
Registering platform support modules:
Registered platform support modules in: 0.2508945s.
Native extension for WindowsStandalone target not found
Refreshing native plugins compatible for Editor in 1.05 ms, found 1 plugins.
Preloading 1 native plugins for Editor in 2.21 ms.
Mono: successfully reloaded assembly
- Completed reload, in  5.689 seconds
Registering precompiled user dll's ...
Registered in 0.050383 seconds.
Platform modules already initialized, skipping
Begin MonoManager ReloadAssembly
Initializing Unity.PackageManager (PackageManager) v2018.4.36 for Unity v2018.4.36f1
Registering platform support modules:
Registered platform support modules in: 0.1319323s.
Native extension for WindowsStandalone target not found
Refreshing native plugins compatible for Editor in 0.94 ms, found 1 plugins.
Preloading 1 native plugins for Editor in 0.17 ms.
Mono: successfully reloaded assembly
- Completed reload, in  3.484 seconds
Platform modules already initialized, skipping
Validating Project structure ... 0.000724 seconds.
Refresh: detecting if any assets need to be imported or removed ...
Refresh: trashing asset 44e4ae22d301b2a4ca2ff220a0d69e61
Refresh: trashing asset 7369c853a31e7cd44a4cbb1a8d8a87af
Refresh: trashing asset 713f29447b583914e9651029e3da8e22
Refresh: trashing asset 5daa6036e869126419cbb10b0d88af79
Script Compilation Pipeline Post Process Assets time: 0.002091s
Assembly Updater Post Process Assets time: 0.000041s
Refreshing native plugins compatible for Editor in 1.33 ms, found 1 plugins.
Preloading 1 native plugins for Editor in 0.21 ms.
Refresh: detecting if any assets need to be imported or removed ...

Refresh Completed time: 0.031306s
	Asset Scan time: 0.029393s
	Asset Hashing: 0.000000s [0 B, 0.000000 mb/s]
	Asset Import (Scripting) time: 0.000000s (count: 0)
	Post Processs Assets (Scripting) time: 0.000000s
	Asset Rehashing: 0.000000s [0 B, 0.000000 mb/s]
	Asset Import (Non Scripting) time: 0.000000s (count: 0)
	Post Process Assets (Non Scripting) time: 0.000000s
	Dependent Assets to Import Queue time: 0.000000s

Warming cache for 611 main assets: 0.002850 seconds elapsed
Initializing Unity extensions:
 'D:/Unity/2018.4.36f1/Editor/Data/UnityExtensions/Unity/Timeline/Runtime/UnityEngine.Timeline.dll'  GUID: 6a10b2909283487f913b00d94cd3faf5
 'D:/Unity/2018.4.36f1/Editor/Data/UnityExtensions/Unity/TestRunner/portable/nunit.framework.dll'  GUID: 405b9b51bb344a128608d968297df79c
 'D:/Unity/2018.4.36f1/Editor/Data/UnityExtensions/Unity/GUISystem/Standalone/UnityEngine.UI.dll'  GUID: f70555f144d8491a825f0804e09c671c
 'D:/Unity/2018.4.36f1/Editor/Data/UnityExtensions/Unity/GUISystem/UnityEngine.UI.dll'  GUID: f5f67c52d1564df4a8936ccd202a3bd8
 'D:/Unity/2018.4.36f1/Editor/Data/UnityExtensions/Unity/Timeline/RuntimeEditor/UnityEngine.Timeline.dll'  GUID: 844f815391db42d49455cbf1a7bfc434
 'D:/Unity/2018.4.36f1/Editor/Data/UnityExtensions/Unity/Networking/Standalone/UnityEngine.Networking.dll'  GUID: dc443db3e92b4983b9738c1131f555cb
 'D:/Unity/2018.4.36f1/Editor/Data/UnityExtensions/Unity/UnitySpatialTracking/Runtime/UnityEngine.SpatialTracking.dll'  GUID: ed7343f30e3843b3afda8f8b02669cea
 'D:/Unity/2018.4.36f1/Editor/Data/UnityExtensions/Unity/UnityGoogleAudioSpatializer/Editor/UnityEditor.GoogleAudioSpatializer.dll'  GUID: 4a3ecb1425d14502837abea459cf2b70
 'D:/Unity/2018.4.36f1/Editor/Data/UnityExtensions/Unity/Networking/Editor/UnityEditor.Networking.dll'  GUID: 5f32cd94baa94578a686d4b9d6b660f7
 'D:/Unity/2018.4.36f1/Editor/Data/UnityExtensions/Unity/UnitySpatialTracking/Editor/UnityEditor.SpatialTracking.dll'  GUID: b5da970776034f77a070d99423d68791
 'D:/Unity/2018.4.36f1/Editor/Data/UnityExtensions/Unity/Networking/UnityEngine.Networking.dll'  GUID: 870353891bb340e2b2a9c8707e7419ba
 'D:/Unity/2018.4.36f1/Editor/Data/UnityExtensions/Unity/TestRunner/UnityEngine.TestRunner.dll'  GUID: 53ebcfaa2e1e4e2dbc85882cd5a73fa1
 'D:/Unity/2018.4.36f1/Editor/Data/UnityExtensions/Unity/UnityGoogleAudioSpatializer/RuntimeEditor/UnityEngine.GoogleAudioSpatializer.dll'  GUID: ead147da21254ff9a0a936bdd75e1680
 'D:/Unity/2018.4.36f1/Editor/Data/UnityExtensions/Unity/UnityGoogleAudioSpatializer/Runtime/UnityEngine.GoogleAudioSpatializer.dll'  GUID: e4f4cf1b9b434137a499903a7a1d651a
 'D:/Unity/2018.4.36f1/Editor/Data/UnityExtensions/Unity/UnityVR/Editor/UnityEditor.VR.dll'  GUID: 4ba2329b63d54f0187bcaa12486b1b0f
 'D:/Unity/2018.4.36f1/Editor/Data/UnityExtensions/Unity/UnitySpatialTracking/RuntimeEditor/UnityEngine.SpatialTracking.dll'  GUID: 3a84de5cd0624681b6b6dcd8921d912a
 'D:/Unity/2018.4.36f1/Editor/Data/UnityExtensions/Unity/GUISystem/Editor/UnityEditor.UI.dll'  GUID: 80a3616ca19596e4da0f10f14d241e9f
 'D:/Unity/2018.4.36f1/Editor/Data/UnityExtensions/Unity/TestRunner/Editor/UnityEditor.TestRunner.dll'  GUID: 4113173d5e95493ab8765d7b08371de4
 'D:/Unity/2018.4.36f1/Editor/Data/UnityExtensions/Unity/TestRunner/net35/unity-custom/nunit.framework.dll'  GUID: 4b3fa4bde7f1451a8218c03ee6a8ded8
 'D:/Unity/2018.4.36f1/Editor/Data/UnityExtensions/Unity/Timeline/Editor/UnityEditor.Timeline.dll'  GUID: 7668179ede524d6396c8b7d84461ea29
Unloading 15 Unused Serialized files (Serialized files now loaded: 0)
System memory in use before: 42.1 MB.
System memory in use after: 41.9 MB.

Unloading 28 unused Assets to reduce memory usage. Loaded Objects now: 951.
Total: 6.656200 ms (FindLiveObjects: 0.228300 ms CreateObjectMapping: 0.042700 ms MarkObjects: 6.136000 ms  DeleteObjects: 0.247800 ms)

Refresh: detecting if any assets need to be imported or removed ...

Refresh Completed time: 0.030746s
	Asset Scan time: 0.028820s
	Asset Hashing: 0.000000s [0 B, 0.000000 mb/s]
	Asset Import (Scripting) time: 0.000000s (count: 0)
	Post Processs Assets (Scripting) time: 0.000000s
	Asset Rehashing: 0.000000s [0 B, 0.000000 mb/s]
	Asset Import (Non Scripting) time: 0.000000s (count: 0)
	Post Process Assets (Non Scripting) time: 0.000000s
	Dependent Assets to Import Queue time: 0.000000s

Determining assets that need to be reimported for target platform ... 0.335598 seconds.

Hashing assets (52 files)... 0.014 seconds
  file read: 0.006 seconds (3.152 MB)
  wait for write: 0.000 seconds (I/O thread blocked by consumer, aka CPU bound)
  wait for read: 0.003 seconds (CPUT thread waiting for I/O thread, aka disk bound)
  hash: 0.010 seconds
Refreshing native plugins compatible for Editor in 0.90 ms, found 1 plugins.
Preloading 1 native plugins for Editor in 0.17 ms.
BuildPlayer: start building target 5
- Starting compile Library/ScriptAssemblies/Unity.TextMeshPro.dll
- Starting compile Library/ScriptAssemblies/UnityEngine.Purchasing.dll
- Starting compile Library/ScriptAssemblies/Unity.Analytics.DataPrivacy.dll
- Finished compile Library/ScriptAssemblies/Unity.Analytics.DataPrivacy.dll
Symbols will be read from Temp\Unity.Analytics.DataPrivacy.pdb
Script Module: Unity.Analytics.DataPrivacy.dll
Pass: 0 took 87 milliseconds
Pass: 1 took 3 milliseconds
- Finished compile Library/ScriptAssemblies/UnityEngine.Purchasing.dll
Symbols will be read from Temp\UnityEngine.Purchasing.pdb
Script Module: UnityEngine.Purchasing.dll
Pass: 0 took 0 milliseconds
Pass: 1 took 0 milliseconds
- Finished compile Library/ScriptAssemblies/Unity.TextMeshPro.dll
Symbols will be read from Temp\Unity.TextMeshPro.pdb
Script Module: Unity.TextMeshPro.dll
Pass: 0 took 120 milliseconds
Pass: 1 took 29 milliseconds
- Starting compile Library/ScriptAssemblies/Assembly-CSharp.dll
- Finished compile Library/ScriptAssemblies/Assembly-CSharp.dll
Symbols will be read from Temp\Assembly-CSharp.pdb
Script Module: Assembly-CSharp.dll
Pass: 0 took 0 milliseconds
Pass: 1 took 0 milliseconds
DisplayProgressbar: Building AssetBundle
DisplayProgressbar: Building Asset Bundle

***Player size statistics***
Total compressed size 226.4 KB. Total uncompressed size 3.3 MB.
Unloading 551 Unused Serialized files (Serialized files now loaded: 0)
System memory in use before: 61.1 MB.
System memory in use after: 61.1 MB.

Unloading 546 unused Assets to reduce memory usage. Loaded Objects now: 974.
Total: 33.905700 ms (FindLiveObjects: 0.439500 ms CreateObjectMapping: 0.101600 ms MarkObjects: 32.613100 ms  DeleteObjects: 0.749000 ms)

- Starting compile Library/ScriptAssemblies/Unity.TextMeshPro.dll
- Starting compile Library/ScriptAssemblies/UnityEngine.Purchasing.dll
- Starting compile Library/ScriptAssemblies/Unity.Analytics.DataPrivacy.dll
- Starting compile Library/ScriptAssemblies/Unity.PackageManagerUI.Editor.dll
- Starting compile Library/ScriptAssemblies/Unity.CollabProxy.Editor.dll
- Finished compile Library/ScriptAssemblies/UnityEngine.Purchasing.dll
Symbols will be read from Temp\UnityEngine.Purchasing.pdb
Script Module: UnityEngine.Purchasing.dll
Pass: 0 took 0 milliseconds
Pass: 1 took 0 milliseconds
- Starting compile Library/ScriptAssemblies/UnityEditor.Purchasing.dll
- Finished compile Library/ScriptAssemblies/Unity.Analytics.DataPrivacy.dll
Symbols will be read from Temp\Unity.Analytics.DataPrivacy.pdb
Script Module: Unity.Analytics.DataPrivacy.dll
Pass: 0 took 47 milliseconds
Pass: 1 took 0 milliseconds
- Finished compile Library/ScriptAssemblies/Unity.CollabProxy.Editor.dll
- Finished compile Library/ScriptAssemblies/Unity.PackageManagerUI.Editor.dll
- Finished compile Library/ScriptAssemblies/UnityEditor.Purchasing.dll
- Finished compile Library/ScriptAssemblies/Unity.TextMeshPro.dll
Symbols will be read from Temp\Unity.TextMeshPro.pdb
Script Module: Unity.TextMeshPro.dll
Pass: 0 took 160 milliseconds
Pass: 1 took 27 milliseconds
- Starting compile Library/ScriptAssemblies/Unity.TextMeshPro.Editor.dll
- Finished compile Library/ScriptAssemblies/Unity.TextMeshPro.Editor.dll
- Starting compile Library/ScriptAssemblies/Assembly-CSharp.dll
- Finished compile Library/ScriptAssemblies/Assembly-CSharp.dll
Symbols will be read from Temp\Assembly-CSharp.pdb
Script Module: Assembly-CSharp.dll
Pass: 0 took 35 milliseconds
Pass: 1 took 0 milliseconds
DisplayProgressbar: Building AssetBundle
DisplayProgressbar: Building Asset Bundle

***Player size statistics***
Total compressed size 1.0 KB. Total uncompressed size 4.2 KB.
Refresh: detecting if any assets need to be imported or removed ...
Updating Assets/output/texturesbundle - GUID: 44e4ae22d301b2a4ca2ff220a0d69e61...
----- Compute hash for Assets/output/texturesbundle.
 done. [Time: 175.197600 ms] 
Updating Assets/output/output - GUID: 7369c853a31e7cd44a4cbb1a8d8a87af...
----- Compute hash for Assets/output/output.
 done. [Time: 11.271900 ms] 
Updating Assets/output/output.manifest - GUID: 5daa6036e869126419cbb10b0d88af79...
----- Compute hash for Assets/output/output.manifest.
 done. [Time: 11.714300 ms] 
Updating Assets/output/texturesbundle.manifest - GUID: 713f29447b583914e9651029e3da8e22...
----- Compute hash for Assets/output/texturesbundle.manifest.
 done. [Time: 11.988400 ms] 
Script Compilation Pipeline Post Process Assets time: 0.000050s
Assembly Updater Post Process Assets time: 0.001107s
Refreshing native plugins compatible for Editor in 0.96 ms, found 1 plugins.
Preloading 1 native plugins for Editor in 0.17 ms.
Refreshing native plugins compatible for Editor in 0.91 ms, found 1 plugins.
Preloading 1 native plugins for Editor in 0.17 ms.

Refresh Completed time: 0.331182s
	Asset Scan time: 0.022247s
	Asset Hashing: 0.000000s [0 B, 0.000000 mb/s]
	Asset Import (Scripting) time: 0.188721s (count: 2)
	Post Processs Assets (Scripting) time: 0.000000s
	Asset Rehashing: 0.000000s [0 B, 0.000000 mb/s]
	Asset Import (Non Scripting) time: 0.028979s (count: 2)
	Post Process Assets (Non Scripting) time: 0.012573s
	Dependent Assets to Import Queue time: 0.000533s

Determining assets that need to be reimported for target platform ... 0.283260 seconds.

Hashing assets (52 files)... 0.018 seconds
  file read: 0.007 seconds (3.152 MB)
  wait for write: 0.000 seconds (I/O thread blocked by consumer, aka CPU bound)
  wait for read: 0.003 seconds (CPUT thread waiting for I/O thread, aka disk bound)
  hash: 0.012 seconds
Refreshing native plugins compatible for Editor in 0.97 ms, found 1 plugins.
Preloading 1 native plugins for Editor in 0.22 ms.
Unloading 534 Unused Serialized files (Serialized files now loaded: 0)
System memory in use before: 57.9 MB.
System memory in use after: 58.1 MB.

Unloading 532 unused Assets to reduce memory usage. Loaded Objects now: 976.
Total: 29.114500 ms (FindLiveObjects: 0.411900 ms CreateObjectMapping: 0.092400 ms MarkObjects: 28.356500 ms  DeleteObjects: 0.250900 ms)


-------------------------------------------------------------------------------
Bundle Name: texturesbundle
Compressed Size:226.4 kb
Uncompressed usage by category (Percentages based on user generated assets only):
Textures               3.3 mb	 99.1% 
Meshes                 0.0 kb	 0.0% 
Animations             0.0 kb	 0.0% 
Sounds                 0.0 kb	 0.0% 
Shaders                0.0 kb	 0.0% 
Other Assets           23.8 kb	 0.7% 
Levels                 0.0 kb	 0.0% 
Scripts                0.0 kb	 0.0% 
Included DLLs          0.0 kb	 0.0% 
File headers           7.6 kb	 0.2% 
Total User Assets      3.3 mb	 100.0% 
Complete build size    3.3 mb
Used Assets and files from the Resources folder, sorted by uncompressed size:
 1.0 mb	 30.4% Assets/textures/table3.png1024.png
 1.0 mb	 30.4% Assets/textures/rounded rect.png1024.png
 512.6 kb	 15.1% Assets/textures/image.png1024.png
 259.1 kb	 7.6% Assets/textures/table3.png512.png
 258.2 kb	 7.6% Assets/textures/rounded rect.png512.png
 128.6 kb	 3.8% Assets/textures/image.png512.png
 65.3 kb	 1.9% Assets/textures/table3.png256.png
 65.1 kb	 1.9% Assets/textures/rounded rect.png256.png
 32.6 kb	 1.0% Assets/textures/image.png256.png
 1.4 kb	 0.0% AssetBundle Object
-------------------------------------------------------------------------------
-------------------------------------------------------------------------------
Bundle Name: output
Compressed Size:1.0 kb
Uncompressed usage by category (Percentages based on user generated assets only):
Textures               0.0 kb	 0.0% 
Meshes                 0.0 kb	 0.0% 
Animations             0.0 kb	 0.0% 
Sounds                 0.0 kb	 0.0% 
Shaders                0.0 kb	 0.0% 
Other Assets           0.2 kb	 4.4% 
Levels                 0.0 kb	 0.0% 
Scripts                0.0 kb	 0.0% 
Included DLLs          0.0 kb	 0.0% 
File headers           4.0 kb	 95.6% 
Total User Assets      4.2 kb	 100.0% 
Complete build size    4.2 kb
Used Assets and files from the Resources folder, sorted by uncompressed size:
 0.1 kb	 2.4% AssetBundle Object
 0.1 kb	 2.0% Built-in AssetBundleManifest: AssetBundleManifest
-------------------------------------------------------------------------------
Batchmode quit successfully invoked - shutting down!
[Performance] CurlRequestCheck                        :       30 samples, Peak.  90.3 us (2.6x), Avg.  34.5 us, Total. 1.035 ms (0.0%)
[Performance] PackageManager::RunRequestSynchronously :       16 samples, Peak.   119 us (3.7x), Avg.  31.9 us, Total. 509.8 us (0.0%)
Refresh: detecting if any assets need to be imported or removed ...

Refresh Completed time: 0.034422s
	Asset Scan time: 0.031595s
	Asset Hashing: 0.000000s [0 B, 0.000000 mb/s]
	Asset Import (Scripting) time: 0.000000s (count: 0)
	Post Processs Assets (Scripting) time: 0.000000s
	Asset Rehashing: 0.000000s [0 B, 0.000000 mb/s]
	Asset Import (Non Scripting) time: 0.000000s (count: 0)
	Post Process Assets (Non Scripting) time: 0.000000s
	Dependent Assets to Import Queue time: 0.000000s

Refresh: detecting if any assets need to be imported or removed ...

Refresh Completed time: 0.029161s
	Asset Scan time: 0.026683s
	Asset Hashing: 0.000000s [0 B, 0.000000 mb/s]
	Asset Import (Scripting) time: 0.000000s (count: 0)
	Post Processs Assets (Scripting) time: 0.000000s
	Asset Rehashing: 0.000000s [0 B, 0.000000 mb/s]
	Asset Import (Non Scripting) time: 0.000000s (count: 0)
	Post Process Assets (Non Scripting) time: 0.000000s
	Dependent Assets to Import Queue time: 0.000000s

Tried to release PackageManager CurlRequest before it was completed
 
(Filename: C:\buildslave\unity\build\Modules/PackageManager/Editor/Public/PackageManagerApi.cpp Line: 123)

CurlRequestMessage deleted while still in use. Tag:"PackageManager"
 
(Filename: C:/buildslave/unity/build/Editor/Src/Utility/CurlRequest.cpp Line: 1112)

[Package Manager] Server::Kill -- Server was shutdown
Cleanup mono
Exiting batchmode successfully now!
Exiting without the bug reporter. Application will terminate with return code 0